Analysis & Synthesis report for bridge_top
Tue Aug 25 17:33:55 2020
Quartus Prime Version 20.1.0 Build 711 06/05/2020 SJ Lite Edition


---------------------
; Table of Contents ;
---------------------
  1. Legal Notice
  2. Analysis & Synthesis Summary
  3. Analysis & Synthesis Settings
  4. Parallel Compilation
  5. Analysis & Synthesis Source Files Read
  6. Analysis & Synthesis Resource Usage Summary
  7. Analysis & Synthesis Resource Utilization by Entity
  8. State Machine - |bridge_top|fsm:fsm_blk|present_state
  9. State Machine - |bridge_top|ahb_slave:a_s|present_state
 10. User-Specified and Inferred Latches
 11. Registers Removed During Synthesis
 12. Removed Registers Triggering Further Register Optimizations
 13. General Register Statistics
 14. Post-Synthesis Netlist Statistics for Top Partition
 15. Elapsed Time Per Partition
 16. Analysis & Synthesis Messages
 17. Analysis & Synthesis Suppressed Messages



----------------
; Legal Notice ;
----------------
Copyright (C) 2020  Intel Corporation. All rights reserved.
Your use of Intel Corporation's design tools, logic functions 
and other software and tools, and any partner logic 
functions, and any output files from any of the foregoing 
(including device programming or simulation files), and any 
associated documentation or information are expressly subject 
to the terms and conditions of the Intel Program License 
Subscription Agreement, the Intel Quartus Prime License Agreement,
the Intel FPGA IP License Agreement, or other applicable license
agreement, including, without limitation, that your use is for
the sole purpose of programming logic devices manufactured by
Intel and sold by Intel or its authorized distributors.  Please
refer to the applicable agreement for further details, at
https://fpgasoftware.intel.com/eula.



+-------------------------------------------------------------------------------+
; Analysis & Synthesis Summary                                                  ;
+---------------------------------+---------------------------------------------+
; Analysis & Synthesis Status     ; Successful - Tue Aug 25 17:33:55 2020       ;
; Quartus Prime Version           ; 20.1.0 Build 711 06/05/2020 SJ Lite Edition ;
; Revision Name                   ; bridge_top                                  ;
; Top-level Entity Name           ; bridge_top                                  ;
; Family                          ; Cyclone V                                   ;
; Logic utilization (in ALMs)     ; N/A                                         ;
; Total registers                 ; 207                                         ;
; Total pins                      ; 204                                         ;
; Total virtual pins              ; 0                                           ;
; Total block memory bits         ; 0                                           ;
; Total DSP Blocks                ; 0                                           ;
; Total HSSI RX PCSs              ; 0                                           ;
; Total HSSI PMA RX Deserializers ; 0                                           ;
; Total HSSI TX PCSs              ; 0                                           ;
; Total HSSI PMA TX Serializers   ; 0                                           ;
; Total PLLs                      ; 0                                           ;
; Total DLLs                      ; 0                                           ;
+---------------------------------+---------------------------------------------+


+---------------------------------------------------------------------------------------------------------------------------+
; Analysis & Synthesis Settings                                                                                             ;
+---------------------------------------------------------------------------------+--------------------+--------------------+
; Option                                                                          ; Setting            ; Default Value      ;
+---------------------------------------------------------------------------------+--------------------+--------------------+
; Device                                                                          ; 5CGXFC7C7F23C8     ;                    ;
; Top-level entity name                                                           ; bridge_top         ; bridge_top         ;
; Family name                                                                     ; Cyclone V          ; Cyclone V          ;
; Use smart compilation                                                           ; Off                ; Off                ;
; Enable parallel Assembler and Timing Analyzer during compilation                ; On                 ; On                 ;
; Enable compact report table                                                     ; Off                ; Off                ;
; Restructure Multiplexers                                                        ; Auto               ; Auto               ;
; MLAB Add Timing Constraints For Mixed-Port Feed-Through Mode Setting Don't Care ; Off                ; Off                ;
; Create Debugging Nodes for IP Cores                                             ; Off                ; Off                ;
; Preserve fewer node names                                                       ; On                 ; On                 ;
; Intel FPGA IP Evaluation Mode                                                   ; Enable             ; Enable             ;
; Verilog Version                                                                 ; Verilog_2001       ; Verilog_2001       ;
; VHDL Version                                                                    ; VHDL_1993          ; VHDL_1993          ;
; State Machine Processing                                                        ; Auto               ; Auto               ;
; Safe State Machine                                                              ; Off                ; Off                ;
; Extract Verilog State Machines                                                  ; On                 ; On                 ;
; Extract VHDL State Machines                                                     ; On                 ; On                 ;
; Ignore Verilog initial constructs                                               ; Off                ; Off                ;
; Iteration limit for constant Verilog loops                                      ; 5000               ; 5000               ;
; Iteration limit for non-constant Verilog loops                                  ; 250                ; 250                ;
; Add Pass-Through Logic to Inferred RAMs                                         ; On                 ; On                 ;
; Infer RAMs from Raw Logic                                                       ; On                 ; On                 ;
; Parallel Synthesis                                                              ; On                 ; On                 ;
; DSP Block Balancing                                                             ; Auto               ; Auto               ;
; NOT Gate Push-Back                                                              ; On                 ; On                 ;
; Power-Up Don't Care                                                             ; On                 ; On                 ;
; Remove Redundant Logic Cells                                                    ; Off                ; Off                ;
; Remove Duplicate Registers                                                      ; On                 ; On                 ;
; Ignore CARRY Buffers                                                            ; Off                ; Off                ;
; Ignore CASCADE Buffers                                                          ; Off                ; Off                ;
; Ignore GLOBAL Buffers                                                           ; Off                ; Off                ;
; Ignore ROW GLOBAL Buffers                                                       ; Off                ; Off                ;
; Ignore LCELL Buffers                                                            ; Off                ; Off                ;
; Ignore SOFT Buffers                                                             ; On                 ; On                 ;
; Limit AHDL Integers to 32 Bits                                                  ; Off                ; Off                ;
; Optimization Technique                                                          ; Balanced           ; Balanced           ;
; Carry Chain Length                                                              ; 70                 ; 70                 ;
; Auto Carry Chains                                                               ; On                 ; On                 ;
; Auto Open-Drain Pins                                                            ; On                 ; On                 ;
; Perform WYSIWYG Primitive Resynthesis                                           ; Off                ; Off                ;
; Auto ROM Replacement                                                            ; On                 ; On                 ;
; Auto RAM Replacement                                                            ; On                 ; On                 ;
; Auto DSP Block Replacement                                                      ; On                 ; On                 ;
; Auto Shift Register Replacement                                                 ; Auto               ; Auto               ;
; Allow Shift Register Merging across Hierarchies                                 ; Auto               ; Auto               ;
; Auto Clock Enable Replacement                                                   ; On                 ; On                 ;
; Strict RAM Replacement                                                          ; Off                ; Off                ;
; Allow Synchronous Control Signals                                               ; On                 ; On                 ;
; Force Use of Synchronous Clear Signals                                          ; Off                ; Off                ;
; Auto Resource Sharing                                                           ; Off                ; Off                ;
; Allow Any RAM Size For Recognition                                              ; Off                ; Off                ;
; Allow Any ROM Size For Recognition                                              ; Off                ; Off                ;
; Allow Any Shift Register Size For Recognition                                   ; Off                ; Off                ;
; Use LogicLock Constraints during Resource Balancing                             ; On                 ; On                 ;
; Ignore translate_off and synthesis_off directives                               ; Off                ; Off                ;
; Timing-Driven Synthesis                                                         ; On                 ; On                 ;
; Report Parameter Settings                                                       ; On                 ; On                 ;
; Report Source Assignments                                                       ; On                 ; On                 ;
; Report Connectivity Checks                                                      ; On                 ; On                 ;
; Ignore Maximum Fan-Out Assignments                                              ; Off                ; Off                ;
; Synchronization Register Chain Length                                           ; 3                  ; 3                  ;
; Power Optimization During Synthesis                                             ; Normal compilation ; Normal compilation ;
; HDL message level                                                               ; Level2             ; Level2             ;
; Suppress Register Optimization Related Messages                                 ; Off                ; Off                ;
; Number of Removed Registers Reported in Synthesis Report                        ; 5000               ; 5000               ;
; Number of Swept Nodes Reported in Synthesis Report                              ; 5000               ; 5000               ;
; Number of Inverted Registers Reported in Synthesis Report                       ; 100                ; 100                ;
; Clock MUX Protection                                                            ; On                 ; On                 ;
; Auto Gated Clock Conversion                                                     ; Off                ; Off                ;
; Block Design Naming                                                             ; Auto               ; Auto               ;
; SDC constraint protection                                                       ; Off                ; Off                ;
; Synthesis Effort                                                                ; Auto               ; Auto               ;
; Shift Register Replacement - Allow Asynchronous Clear Signal                    ; On                 ; On                 ;
; Pre-Mapping Resynthesis Optimization                                            ; Off                ; Off                ;
; Analysis & Synthesis Message Level                                              ; Medium             ; Medium             ;
; Disable Register Merging Across Hierarchies                                     ; Auto               ; Auto               ;
; Resource Aware Inference For Block RAM                                          ; On                 ; On                 ;
; Automatic Parallel Synthesis                                                    ; On                 ; On                 ;
; Partial Reconfiguration Bitstream ID                                            ; Off                ; Off                ;
+---------------------------------------------------------------------------------+--------------------+--------------------+


+------------------------------------------+
; Parallel Compilation                     ;
+----------------------------+-------------+
; Processors                 ; Number      ;
+----------------------------+-------------+
; Number detected on machine ; 8           ;
; Maximum allowed            ; 4           ;
;                            ;             ;
; Average used               ; 1.00        ;
; Maximum used               ; 4           ;
;                            ;             ;
; Usage by Processor         ; % Time Used ;
;     Processor 1            ; 100.0%      ;
;     Processors 2-4         ;   0.0%      ;
+----------------------------+-------------+


+--------------------------------------------------------------------------------------------------------------------------------+
; Analysis & Synthesis Source Files Read                                                                                         ;
+----------------------------------+-----------------+------------------------------+----------------------------------+---------+
; File Name with User-Entered Path ; Used in Netlist ; File Type                    ; File Name with Absolute Path     ; Library ;
+----------------------------------+-----------------+------------------------------+----------------------------------+---------+
; ../RTL/fsm.v                     ; yes             ; User Verilog HDL File        ; D:/VLSI_Project/RTL/fsm.v        ;         ;
; ../RTL/ahb_slave.v               ; yes             ; User Verilog HDL File        ; D:/VLSI_Project/RTL/ahb_slave.v  ;         ;
; ../RTL/bridge_top.v              ; yes             ; User Verilog HDL File        ; D:/VLSI_Project/RTL/bridge_top.v ;         ;
; /vlsi_project/rtl/define.v       ; yes             ; Auto-Found Verilog HDL File  ; /vlsi_project/rtl/define.v       ;         ;
+----------------------------------+-----------------+------------------------------+----------------------------------+---------+


+------------------------------------------------------------+
; Analysis & Synthesis Resource Usage Summary                ;
+---------------------------------------------+--------------+
; Resource                                    ; Usage        ;
+---------------------------------------------+--------------+
; Estimate of Logic utilization (ALMs needed) ; 111          ;
;                                             ;              ;
; Combinational ALUT usage for logic          ; 118          ;
;     -- 7 input functions                    ; 0            ;
;     -- 6 input functions                    ; 3            ;
;     -- 5 input functions                    ; 3            ;
;     -- 4 input functions                    ; 71           ;
;     -- <=3 input functions                  ; 41           ;
;                                             ;              ;
; Dedicated logic registers                   ; 207          ;
;                                             ;              ;
; I/O pins                                    ; 204          ;
;                                             ;              ;
; Total DSP Blocks                            ; 0            ;
;                                             ;              ;
; Maximum fan-out node                        ; Hreset~input ;
; Maximum fan-out                             ; 208          ;
; Total fan-out                               ; 1364         ;
; Average fan-out                             ; 1.86         ;
+---------------------------------------------+--------------+


+----------------------------------------------------------------------------------------------------------------------------------------------------------------------------------------------+
; Analysis & Synthesis Resource Utilization by Entity                                                                                                                                          ;
+----------------------------+---------------------+---------------------------+-------------------+------------+------+--------------+---------------------------+-------------+--------------+
; Compilation Hierarchy Node ; Combinational ALUTs ; Dedicated Logic Registers ; Block Memory Bits ; DSP Blocks ; Pins ; Virtual Pins ; Full Hierarchy Name       ; Entity Name ; Library Name ;
+----------------------------+---------------------+---------------------------+-------------------+------------+------+--------------+---------------------------+-------------+--------------+
; |bridge_top                ; 118 (0)             ; 207 (0)                   ; 0                 ; 0          ; 204  ; 0            ; |bridge_top               ; bridge_top  ; work         ;
;    |ahb_slave:a_s|         ; 5 (5)               ; 129 (129)                 ; 0                 ; 0          ; 0    ; 0            ; |bridge_top|ahb_slave:a_s ; ahb_slave   ; work         ;
;    |fsm:fsm_blk|           ; 113 (113)           ; 78 (78)                   ; 0                 ; 0          ; 0    ; 0            ; |bridge_top|fsm:fsm_blk   ; fsm         ; work         ;
+----------------------------+---------------------+---------------------------+-------------------+------------+------+--------------+---------------------------+-------------+--------------+
Note: For table entries with two numbers listed, the numbers in parentheses indicate the number of resources of the given type used by the specific entity alone. The numbers listed outside of parentheses indicate the total resources of the given type used by the specific entity and all of its sub-entities in the hierarchy.


Encoding Type:  One-Hot
+-----------------------------------------------------------------------------------------------------------------------------------------------------------------------------------+
; State Machine - |bridge_top|fsm:fsm_blk|present_state                                                                                                                             ;
+-------------------+-------------------+-------------------+-------------------+-------------------+-------------------+-------------------+-------------------+-------------------+
; Name              ; present_state.111 ; present_state.110 ; present_state.101 ; present_state.100 ; present_state.011 ; present_state.010 ; present_state.001 ; present_state.000 ;
+-------------------+-------------------+-------------------+-------------------+-------------------+-------------------+-------------------+-------------------+-------------------+
; present_state.000 ; 0                 ; 0                 ; 0                 ; 0                 ; 0                 ; 0                 ; 0                 ; 0                 ;
; present_state.001 ; 0                 ; 0                 ; 0                 ; 0                 ; 0                 ; 0                 ; 1                 ; 1                 ;
; present_state.010 ; 0                 ; 0                 ; 0                 ; 0                 ; 0                 ; 1                 ; 0                 ; 1                 ;
; present_state.011 ; 0                 ; 0                 ; 0                 ; 0                 ; 1                 ; 0                 ; 0                 ; 1                 ;
; present_state.100 ; 0                 ; 0                 ; 0                 ; 1                 ; 0                 ; 0                 ; 0                 ; 1                 ;
; present_state.101 ; 0                 ; 0                 ; 1                 ; 0                 ; 0                 ; 0                 ; 0                 ; 1                 ;
; present_state.110 ; 0                 ; 1                 ; 0                 ; 0                 ; 0                 ; 0                 ; 0                 ; 1                 ;
; present_state.111 ; 1                 ; 0                 ; 0                 ; 0                 ; 0                 ; 0                 ; 0                 ; 1                 ;
+-------------------+-------------------+-------------------+-------------------+-------------------+-------------------+-------------------+-------------------+-------------------+


Encoding Type:  One-Hot
+----------------------------------------------------------------------------------------------+
; State Machine - |bridge_top|ahb_slave:a_s|present_state                                      ;
+------------------+------------------+------------------+------------------+------------------+
; Name             ; present_state.11 ; present_state.10 ; present_state.01 ; present_state.00 ;
+------------------+------------------+------------------+------------------+------------------+
; present_state.00 ; 0                ; 0                ; 0                ; 0                ;
; present_state.01 ; 0                ; 0                ; 1                ; 1                ;
; present_state.10 ; 0                ; 1                ; 0                ; 1                ;
; present_state.11 ; 1                ; 0                ; 0                ; 1                ;
+------------------+------------------+------------------+------------------+------------------+


+----------------------------------------------------------------------------------------------------+
; User-Specified and Inferred Latches                                                                ;
+-----------------------------------------------------+---------------------+------------------------+
; Latch Name                                          ; Latch Enable Signal ; Free of Timing Hazards ;
+-----------------------------------------------------+---------------------+------------------------+
; fsm:fsm_blk|pwdata_temp[0]                          ; fsm:fsm_blk|WideOr9 ; yes                    ;
; fsm:fsm_blk|pwdata_temp[1]                          ; fsm:fsm_blk|WideOr9 ; yes                    ;
; fsm:fsm_blk|pwdata_temp[2]                          ; fsm:fsm_blk|WideOr9 ; yes                    ;
; fsm:fsm_blk|pwdata_temp[3]                          ; fsm:fsm_blk|WideOr9 ; yes                    ;
; fsm:fsm_blk|pwdata_temp[4]                          ; fsm:fsm_blk|WideOr9 ; yes                    ;
; fsm:fsm_blk|pwdata_temp[5]                          ; fsm:fsm_blk|WideOr9 ; yes                    ;
; fsm:fsm_blk|pwdata_temp[6]                          ; fsm:fsm_blk|WideOr9 ; yes                    ;
; fsm:fsm_blk|pwdata_temp[7]                          ; fsm:fsm_blk|WideOr9 ; yes                    ;
; fsm:fsm_blk|pwdata_temp[8]                          ; fsm:fsm_blk|WideOr9 ; yes                    ;
; fsm:fsm_blk|pwdata_temp[9]                          ; fsm:fsm_blk|WideOr9 ; yes                    ;
; fsm:fsm_blk|pwdata_temp[10]                         ; fsm:fsm_blk|WideOr9 ; yes                    ;
; fsm:fsm_blk|pwdata_temp[11]                         ; fsm:fsm_blk|WideOr9 ; yes                    ;
; fsm:fsm_blk|pwdata_temp[12]                         ; fsm:fsm_blk|WideOr9 ; yes                    ;
; fsm:fsm_blk|pwdata_temp[13]                         ; fsm:fsm_blk|WideOr9 ; yes                    ;
; fsm:fsm_blk|pwdata_temp[14]                         ; fsm:fsm_blk|WideOr9 ; yes                    ;
; fsm:fsm_blk|pwdata_temp[15]                         ; fsm:fsm_blk|WideOr9 ; yes                    ;
; fsm:fsm_blk|pwdata_temp[16]                         ; fsm:fsm_blk|WideOr9 ; yes                    ;
; fsm:fsm_blk|pwdata_temp[17]                         ; fsm:fsm_blk|WideOr9 ; yes                    ;
; fsm:fsm_blk|pwdata_temp[18]                         ; fsm:fsm_blk|WideOr9 ; yes                    ;
; fsm:fsm_blk|pwdata_temp[19]                         ; fsm:fsm_blk|WideOr9 ; yes                    ;
; fsm:fsm_blk|pwdata_temp[20]                         ; fsm:fsm_blk|WideOr9 ; yes                    ;
; fsm:fsm_blk|pwdata_temp[21]                         ; fsm:fsm_blk|WideOr9 ; yes                    ;
; fsm:fsm_blk|pwdata_temp[22]                         ; fsm:fsm_blk|WideOr9 ; yes                    ;
; fsm:fsm_blk|pwdata_temp[23]                         ; fsm:fsm_blk|WideOr9 ; yes                    ;
; fsm:fsm_blk|pwdata_temp[24]                         ; fsm:fsm_blk|WideOr9 ; yes                    ;
; fsm:fsm_blk|pwdata_temp[25]                         ; fsm:fsm_blk|WideOr9 ; yes                    ;
; fsm:fsm_blk|pwdata_temp[26]                         ; fsm:fsm_blk|WideOr9 ; yes                    ;
; fsm:fsm_blk|pwdata_temp[27]                         ; fsm:fsm_blk|WideOr9 ; yes                    ;
; fsm:fsm_blk|pwdata_temp[28]                         ; fsm:fsm_blk|WideOr9 ; yes                    ;
; fsm:fsm_blk|pwdata_temp[29]                         ; fsm:fsm_blk|WideOr9 ; yes                    ;
; fsm:fsm_blk|pwdata_temp[30]                         ; fsm:fsm_blk|WideOr9 ; yes                    ;
; fsm:fsm_blk|pwdata_temp[31]                         ; fsm:fsm_blk|WideOr9 ; yes                    ;
; ahb_slave:a_s|Valid                                 ; GND                 ; yes                    ;
; Number of user-specified and inferred latches = 33  ;                     ;                        ;
+-----------------------------------------------------+---------------------+------------------------+
Note: All latches listed above may not be present at the end of synthesis due to various synthesis optimizations.


+------------------------------------------------------------+
; Registers Removed During Synthesis                         ;
+---------------------------------------+--------------------+
; Register name                         ; Reason for Removal ;
+---------------------------------------+--------------------+
; fsm:fsm_blk|present_state~4           ; Lost fanout        ;
; fsm:fsm_blk|present_state~5           ; Lost fanout        ;
; fsm:fsm_blk|present_state~6           ; Lost fanout        ;
; ahb_slave:a_s|present_state~4         ; Lost fanout        ;
; ahb_slave:a_s|present_state~5         ; Lost fanout        ;
; ahb_slave:a_s|present_state.00        ; Lost fanout        ;
; ahb_slave:a_s|present_state.01        ; Lost fanout        ;
; ahb_slave:a_s|present_state.10        ; Lost fanout        ;
; ahb_slave:a_s|present_state.11        ; Lost fanout        ;
; Total Number of Removed Registers = 9 ;                    ;
+---------------------------------------+--------------------+


+---------------------------------------------------------------------------------------------------------------------+
; Removed Registers Triggering Further Register Optimizations                                                         ;
+-------------------------------+--------------------+----------------------------------------------------------------+
; Register name                 ; Reason for Removal ; Registers Removed due to This Register                         ;
+-------------------------------+--------------------+----------------------------------------------------------------+
; ahb_slave:a_s|present_state~4 ; Lost Fanouts       ; ahb_slave:a_s|present_state.01, ahb_slave:a_s|present_state.11 ;
; ahb_slave:a_s|present_state~5 ; Lost Fanouts       ; ahb_slave:a_s|present_state.10                                 ;
+-------------------------------+--------------------+----------------------------------------------------------------+


+------------------------------------------------------+
; General Register Statistics                          ;
+----------------------------------------------+-------+
; Statistic                                    ; Value ;
+----------------------------------------------+-------+
; Total registers                              ; 207   ;
; Number of registers using Synchronous Clear  ; 0     ;
; Number of registers using Synchronous Load   ; 0     ;
; Number of registers using Asynchronous Clear ; 207   ;
; Number of registers using Asynchronous Load  ; 0     ;
; Number of registers using Clock Enable       ; 0     ;
; Number of registers using Preset             ; 0     ;
+----------------------------------------------+-------+


+-----------------------------------------------------+
; Post-Synthesis Netlist Statistics for Top Partition ;
+-----------------------+-----------------------------+
; Type                  ; Count                       ;
+-----------------------+-----------------------------+
; arriav_ff             ; 207                         ;
;     CLR               ; 207                         ;
; arriav_lcell_comb     ; 118                         ;
;     normal            ; 118                         ;
;         1 data inputs ; 1                           ;
;         2 data inputs ; 1                           ;
;         3 data inputs ; 39                          ;
;         4 data inputs ; 71                          ;
;         5 data inputs ; 3                           ;
;         6 data inputs ; 3                           ;
; boundary_port         ; 204                         ;
;                       ;                             ;
; Max LUT depth         ; 3.00                        ;
; Average LUT depth     ; 1.09                        ;
+-----------------------+-----------------------------+


+-------------------------------+
; Elapsed Time Per Partition    ;
+----------------+--------------+
; Partition Name ; Elapsed Time ;
+----------------+--------------+
; Top            ; 00:00:02     ;
+----------------+--------------+


+-------------------------------+
; Analysis & Synthesis Messages ;
+-------------------------------+
Info: *******************************************************************
Info: Running Quartus Prime Analysis & Synthesis
    Info: Version 20.1.0 Build 711 06/05/2020 SJ Lite Edition
    Info: Processing started: Tue Aug 25 17:33:20 2020
Info: Command: quartus_map --read_settings_files=on --write_settings_files=off bridge_top -c bridge_top
Warning (18236): Number of processors has not been specified which may cause overloading on shared machines.  Set the global assignment NUM_PARALLEL_PROCESSORS in your QSF to an appropriate value for best performance.
Info (20030): Parallel compilation is enabled and will use 4 of the 4 processors detected
Info (12021): Found 1 design units, including 1 entities, in source file /vlsi_project/tb/fsm_tb.v
    Info (12023): Found entity 1: fsm_tb File: D:/VLSI_Project/TB/fsm_tb.v Line: 1
Info (12021): Found 1 design units, including 1 entities, in source file /vlsi_project/tb/ahb_slave_tb.v
    Info (12023): Found entity 1: ahb_slave_tb File: D:/VLSI_Project/TB/ahb_slave_tb.v Line: 1
Info (12021): Found 1 design units, including 1 entities, in source file /vlsi_project/rtl/fsm.v
    Info (12023): Found entity 1: fsm File: D:/VLSI_Project/RTL/fsm.v Line: 2
Info (12021): Found 1 design units, including 1 entities, in source file /vlsi_project/rtl/ahb_slave.v
    Info (12023): Found entity 1: ahb_slave File: D:/VLSI_Project/RTL/ahb_slave.v Line: 2
Info (12021): Found 1 design units, including 1 entities, in source file /vlsi_project/rtl/bridge_top.v
    Info (12023): Found entity 1: bridge_top File: D:/VLSI_Project/RTL/bridge_top.v Line: 1
Warning (10236): Verilog HDL Implicit Net warning at fsm_tb.v(12): created implicit net for "Hrdata" File: D:/VLSI_Project/TB/fsm_tb.v Line: 12
Info (12127): Elaborating entity "bridge_top" for the top level hierarchy
Info (12128): Elaborating entity "ahb_slave" for hierarchy "ahb_slave:a_s" File: D:/VLSI_Project/RTL/bridge_top.v Line: 18
Warning (10240): Verilog HDL Always Construct warning at ahb_slave.v(101): inferring latch(es) for variable "Valid", which holds its previous value in one or more paths through the always construct File: D:/VLSI_Project/RTL/ahb_slave.v Line: 101
Info (10041): Inferred latch for "Valid" at ahb_slave.v(101) File: D:/VLSI_Project/RTL/ahb_slave.v Line: 101
Info (12128): Elaborating entity "fsm" for hierarchy "fsm:fsm_blk" File: D:/VLSI_Project/RTL/bridge_top.v Line: 22
Warning (10036): Verilog HDL or VHDL warning at fsm.v(18): object "addr" assigned a value but never read File: D:/VLSI_Project/RTL/fsm.v Line: 18
Warning (10240): Verilog HDL Always Construct warning at fsm.v(83): inferring latch(es) for variable "pwdata_temp", which holds its previous value in one or more paths through the always construct File: D:/VLSI_Project/RTL/fsm.v Line: 83
Info (10041): Inferred latch for "pwdata_temp[0]" at fsm.v(83) File: D:/VLSI_Project/RTL/fsm.v Line: 83
Info (10041): Inferred latch for "pwdata_temp[1]" at fsm.v(83) File: D:/VLSI_Project/RTL/fsm.v Line: 83
Info (10041): Inferred latch for "pwdata_temp[2]" at fsm.v(83) File: D:/VLSI_Project/RTL/fsm.v Line: 83
Info (10041): Inferred latch for "pwdata_temp[3]" at fsm.v(83) File: D:/VLSI_Project/RTL/fsm.v Line: 83
Info (10041): Inferred latch for "pwdata_temp[4]" at fsm.v(83) File: D:/VLSI_Project/RTL/fsm.v Line: 83
Info (10041): Inferred latch for "pwdata_temp[5]" at fsm.v(83) File: D:/VLSI_Project/RTL/fsm.v Line: 83
Info (10041): Inferred latch for "pwdata_temp[6]" at fsm.v(83) File: D:/VLSI_Project/RTL/fsm.v Line: 83
Info (10041): Inferred latch for "pwdata_temp[7]" at fsm.v(83) File: D:/VLSI_Project/RTL/fsm.v Line: 83
Info (10041): Inferred latch for "pwdata_temp[8]" at fsm.v(83) File: D:/VLSI_Project/RTL/fsm.v Line: 83
Info (10041): Inferred latch for "pwdata_temp[9]" at fsm.v(83) File: D:/VLSI_Project/RTL/fsm.v Line: 83
Info (10041): Inferred latch for "pwdata_temp[10]" at fsm.v(83) File: D:/VLSI_Project/RTL/fsm.v Line: 83
Info (10041): Inferred latch for "pwdata_temp[11]" at fsm.v(83) File: D:/VLSI_Project/RTL/fsm.v Line: 83
Info (10041): Inferred latch for "pwdata_temp[12]" at fsm.v(83) File: D:/VLSI_Project/RTL/fsm.v Line: 83
Info (10041): Inferred latch for "pwdata_temp[13]" at fsm.v(83) File: D:/VLSI_Project/RTL/fsm.v Line: 83
Info (10041): Inferred latch for "pwdata_temp[14]" at fsm.v(83) File: D:/VLSI_Project/RTL/fsm.v Line: 83
Info (10041): Inferred latch for "pwdata_temp[15]" at fsm.v(83) File: D:/VLSI_Project/RTL/fsm.v Line: 83
Info (10041): Inferred latch for "pwdata_temp[16]" at fsm.v(83) File: D:/VLSI_Project/RTL/fsm.v Line: 83
Info (10041): Inferred latch for "pwdata_temp[17]" at fsm.v(83) File: D:/VLSI_Project/RTL/fsm.v Line: 83
Info (10041): Inferred latch for "pwdata_temp[18]" at fsm.v(83) File: D:/VLSI_Project/RTL/fsm.v Line: 83
Info (10041): Inferred latch for "pwdata_temp[19]" at fsm.v(83) File: D:/VLSI_Project/RTL/fsm.v Line: 83
Info (10041): Inferred latch for "pwdata_temp[20]" at fsm.v(83) File: D:/VLSI_Project/RTL/fsm.v Line: 83
Info (10041): Inferred latch for "pwdata_temp[21]" at fsm.v(83) File: D:/VLSI_Project/RTL/fsm.v Line: 83
Info (10041): Inferred latch for "pwdata_temp[22]" at fsm.v(83) File: D:/VLSI_Project/RTL/fsm.v Line: 83
Info (10041): Inferred latch for "pwdata_temp[23]" at fsm.v(83) File: D:/VLSI_Project/RTL/fsm.v Line: 83
Info (10041): Inferred latch for "pwdata_temp[24]" at fsm.v(83) File: D:/VLSI_Project/RTL/fsm.v Line: 83
Info (10041): Inferred latch for "pwdata_temp[25]" at fsm.v(83) File: D:/VLSI_Project/RTL/fsm.v Line: 83
Info (10041): Inferred latch for "pwdata_temp[26]" at fsm.v(83) File: D:/VLSI_Project/RTL/fsm.v Line: 83
Info (10041): Inferred latch for "pwdata_temp[27]" at fsm.v(83) File: D:/VLSI_Project/RTL/fsm.v Line: 83
Info (10041): Inferred latch for "pwdata_temp[28]" at fsm.v(83) File: D:/VLSI_Project/RTL/fsm.v Line: 83
Info (10041): Inferred latch for "pwdata_temp[29]" at fsm.v(83) File: D:/VLSI_Project/RTL/fsm.v Line: 83
Info (10041): Inferred latch for "pwdata_temp[30]" at fsm.v(83) File: D:/VLSI_Project/RTL/fsm.v Line: 83
Info (10041): Inferred latch for "pwdata_temp[31]" at fsm.v(83) File: D:/VLSI_Project/RTL/fsm.v Line: 83
Info (286030): Timing-Driven Synthesis is running
Info (17049): 9 registers lost all their fanouts during netlist optimizations.
Info (144001): Generated suppressed messages file D:/VLSI_Project/Syn/output_files/bridge_top.map.smsg
Info (16010): Generating hard_block partition "hard_block:auto_generated_inst"
    Info (16011): Adding 0 node(s), including 0 DDIO, 0 PLL, 0 transceiver and 0 LCELL
Info (21057): Implemented 484 device resources after synthesis - the final resource count might be different
    Info (21058): Implemented 102 input pins
    Info (21059): Implemented 102 output pins
    Info (21061): Implemented 280 logic cells
Info: Quartus Prime Analysis & Synthesis was successful. 0 errors, 5 warnings
    Info: Peak virtual memory: 4845 megabytes
    Info: Processing ended: Tue Aug 25 17:33:55 2020
    Info: Elapsed time: 00:00:35
    Info: Total CPU time (on all processors): 00:01:04


+------------------------------------------+
; Analysis & Synthesis Suppressed Messages ;
+------------------------------------------+
The suppressed messages can be found in D:/VLSI_Project/Syn/output_files/bridge_top.map.smsg.


